2025-04-10 19:15:20.453 [info] Extension host with pid 17932 started
2025-04-10 19:15:20.453 [error] Error: EEXIST: file already exists, open '/home/ubuntu/.local/share/code-server/User/workspaceStorage/-461d61dd/vscode.lock'
2025-04-10 19:15:20.455 [info] Lock '/home/ubuntu/.local/share/code-server/User/workspaceStorage/-461d61dd/vscode.lock': Could not acquire lock, checking if the file is stale.
2025-04-10 19:15:20.462 [info] Lock '/home/ubuntu/.local/share/code-server/User/workspaceStorage/-461d61dd/vscode.lock': The lock does not look stale, elapsed: 849 ms, giving up.
2025-04-10 19:15:20.585 [error] Error: EEXIST: file already exists, open '/home/ubuntu/.local/share/code-server/User/workspaceStorage/-461d61dd-1/vscode.lock'
2025-04-10 19:15:20.589 [info] Lock '/home/ubuntu/.local/share/code-server/User/workspaceStorage/-461d61dd-1/vscode.lock': Could not acquire lock, checking if the file is stale.
2025-04-10 19:15:20.632 [info] Lock '/home/ubuntu/.local/share/code-server/User/workspaceStorage/-461d61dd-1/vscode.lock': The lock does not look stale, elapsed: 262 ms, giving up.
2025-04-10 19:15:20.645 [info] ExtensionService#_doActivateExtension vscode.emmet, startup: false, activationEvent: 'onLanguage'
2025-04-10 19:15:20.714 [info] Lock '/home/ubuntu/.local/share/code-server/User/workspaceStorage/-461d61dd-2/vscode.lock': Lock acquired.
2025-04-10 19:15:20.938 [info] ExtensionService#_doActivateExtension vscode.git-base, startup: true, activationEvent: '*', root cause: vscode.git
2025-04-10 19:15:21.060 [info] ExtensionService#_doActivateExtension vscode.git, startup: true, activationEvent: '*'
2025-04-10 19:15:21.061 [info] ExtensionService#_doActivateExtension vscode.github, startup: true, activationEvent: '*'
2025-04-10 19:15:21.451 [info] Eager extensions activated
2025-04-10 19:15:21.451 [info] ExtensionService#_doActivateExtension vscode.debug-auto-launch, startup: false, activationEvent: 'onStartupFinished'
2025-04-10 19:15:21.452 [info] ExtensionService#_doActivateExtension vscode.merge-conflict, startup: false, activationEvent: 'onStartupFinished'
2025-04-10 19:15:21.781 [info] ExtensionService#_doActivateExtension vscode.github-authentication, startup: false, activationEvent: 'onAuthenticationRequest:github'
2025-04-10 19:15:22.274 [info] ExtensionService#_doActivateExtension vscode.tunnel-forwarding, startup: false, activationEvent: 'onTunnel'
2025-04-10 19:20:17.039 [info] ExtensionService#_doActivateExtension vscode.media-preview, startup: false, activationEvent: 'onCustomEditor:imagePreview.previewEditor'
2025-04-10 19:26:52.542 [info] ExtensionService#_doActivateExtension vscode.npm, startup: false, activationEvent: 'onTerminalQuickFixRequest:ms-vscode.npm-command'
2025-04-10 19:26:58.049 [info] ExtensionService#_doActivateExtension vscode.configuration-editing, startup: false, activationEvent: 'onLanguage:json'
2025-04-10 19:26:58.049 [info] ExtensionService#_doActivateExtension vscode.extension-editing, startup: false, activationEvent: 'onLanguage:json'
2025-04-10 19:26:58.049 [info] ExtensionService#_doActivateExtension vscode.json-language-features, startup: false, activationEvent: 'onLanguage:json'
